<?xml version="1.0" encoding="UTF-8"?>
<testsuite xmlns:xsi="http://www.w3.org/2001/XMLSchema-instance" xsi:noNamespaceSchemaLocation="https://maven.apache.org/surefire/maven-surefire-plugin/xsd/surefire-test-report-3.0.xsd" version="3.0" name="com.expdataprocessor.DataProcessorTest" time="0.094" tests="14" errors="0" skipped="0" failures="0">
  <properties>
[...]
</properties>
  <testcase name="testLogFileProcessing" classname="com.expdataprocessor.DataProcessorTest" time="0.029"/>
  <testcase name="testLogFileTimestampFormat" classname="com.expdataprocessor.DataProcessorTest" time="0.004"/>
  <testcase name="testLogFileWithNoErrors" classname="com.expdataprocessor.DataProcessorTest" time="0.003"/>
  <testcase name="testDataFileWithFloats" classname="com.expdataprocessor.DataProcessorTest" time="0.003"/>
  <testcase name="testOutputDirAutoCreated" classname="com.expdataprocessor.DataProcessorTest" time="0.002"/>
  <testcase name="testGenerateOutputFileNameWithExt" classname="com.expdataprocessor.DataProcessorTest" time="0.001"/>
  <testcase name="testEmptyDataFile" classname="com.expdataprocessor.DataProcessorTest" time="0.002"/>
  <testcase name="testIgnoreNonTargetFiles" classname="com.expdataprocessor.DataProcessorTest" time="0.002"/>
  <testcase name="testErrorCaseSensitive" classname="com.expdataprocessor.DataProcessorTest" time="0.002"/>
  <testcase name="testDataFileWithIntegersOnly" classname="com.expdataprocessor.DataProcessorTest" time="0.002"/>
  <testcase name="testGenerateOutputFileNameWithoutExt" classname="com.expdataprocessor.DataProcessorTest" time="0.002"/>
  <testcase name="testInputDirNotExist" classname="com.expdataprocessor.DataProcessorTest" time="0.002"/>
  <testcase name="testDataFileProcessing" classname="com.expdataprocessor.DataProcessorTest" time="0.002"/>
  <testcase name="testDefaultDirectories" classname="com.expdataprocessor.DataProcessorTest" time="0.001"/>
</testsuite>