<?xml version="1.0" encoding="UTF-8"?>
<testsuite xmlns:xsi="http://www.w3.org/2001/XMLSchema-instance" xsi:noNamespaceSchemaLocation="https://maven.apache.org/surefire/maven-surefire-plugin/xsd/surefire-test-report-3.0.xsd" version="3.0" name="DataProcessorTest" time="0.129" tests="10" errors="0" skipped="0" failures="0">
  <properties>
[...]
</properties>
  <testcase name="testLogFileNoErrors" classname="DataProcessorTest" time="0.042"/>
  <testcase name="testDataFileWithInvalidLines" classname="DataProcessorTest" time="0.014">
    <system-err><![CDATA[警告：跳过无效数字行 - not a number
]]></system-err>
  </testcase>
  <testcase name="testLogFileProcessing" classname="DataProcessorTest" time="0.013"/>
  <testcase name="testFileFiltering" classname="DataProcessorTest" time="0.007"/>
  <testcase name="testOutputFileNaming" classname="DataProcessorTest" time="0.002"/>
  <testcase name="testEmptyDataFile" classname="DataProcessorTest" time="0.001"/>
  <testcase name="testInputDirectoryNotExists" classname="DataProcessorTest" time="0.001"/>
  <testcase name="testInputFileNotModified" classname="DataProcessorTest" time="0.002"/>
  <testcase name="testDataFileProcessing" classname="DataProcessorTest" time="0.002"/>
  <testcase name="testOutputDirectoryCreation" classname="DataProcessorTest" time="0.002"/>
</testsuite>